Sat Sep 16 2023 17:3:37 } [PH] error: 🐱‍🏍 globalErrorHandler ~~ [
  {
    "code": "invalid_type",
    "expected": "string",
    "received": "undefined",
    "path": [
      "body",
      "facultyId"
    ],
    "message": "facultyId is required."
  },
  {
    "code": "invalid_type",
    "expected": "string",
    "received": "undefined",
    "path": [
      "body",
      "firstName"
    ],
    "message": "firstName is required."
  },
  {
    "code": "invalid_type",
    "expected": "string",
    "received": "undefined",
    "path": [
      "body",
      "middleName"
    ],
    "message": "middleName is required."
  },
  {
    "code": "invalid_type",
    "expected": "string",
    "received": "undefined",
    "path": [
      "body",
      "lastName"
    ],
    "message": "lastName is required."
  },
  {
    "code": "invalid_type",
    "expected": "string",
    "received": "undefined",
    "path": [
      "body",
      "profileImage"
    ],
    "message": "profileImage is required."
  },
  {
    "code": "invalid_type",
    "expected": "string",
    "received": "undefined",
    "path": [
      "body",
      "email"
    ],
    "message": "email is required."
  },
  {
    "code": "invalid_type",
    "expected": "string",
    "received": "undefined",
    "path": [
      "body",
      "contactNo"
    ],
    "message": "contactNo is required."
  },
  {
    "code": "invalid_type",
    "expected": "string",
    "received": "undefined",
    "path": [
      "body",
      "gender"
    ],
    "message": "gender is required."
  },
  {
    "code": "invalid_type",
    "expected": "string",
    "received": "undefined",
    "path": [
      "body",
      "designation"
    ],
    "message": "designation is required."
  },
  {
    "code": "invalid_type",
    "expected": "string",
    "received": "undefined",
    "path": [
      "body",
      "bloodGroup"
    ],
    "message": "bloodGroup is required."
  },
  {
    "code": "invalid_type",
    "expected": "string",
    "received": "undefined",
    "path": [
      "body",
      "academicDepartmentId"
    ],
    "message": "academicDepartmentId is required."
  },
  {
    "code": "invalid_type",
    "expected": "string",
    "received": "undefined",
    "path": [
      "body",
      "academicFacultyId"
    ],
    "message": "academicFacultyId is required."
  }
]
Sat Sep 16 2023 17:4:48 } [PH] error: 🐱‍🏍 globalErrorHandler ~~ [
  {
    "code": "invalid_type",
    "expected": "string",
    "received": "undefined",
    "path": [
      "body",
      "profileImage"
    ],
    "message": "profileImage is required."
  },
  {
    "code": "invalid_type",
    "expected": "string",
    "received": "undefined",
    "path": [
      "body",
      "email"
    ],
    "message": "email is required."
  },
  {
    "code": "invalid_type",
    "expected": "string",
    "received": "undefined",
    "path": [
      "body",
      "contactNo"
    ],
    "message": "contactNo is required."
  },
  {
    "code": "invalid_type",
    "expected": "string",
    "received": "undefined",
    "path": [
      "body",
      "gender"
    ],
    "message": "gender is required."
  },
  {
    "code": "invalid_type",
    "expected": "string",
    "received": "undefined",
    "path": [
      "body",
      "designation"
    ],
    "message": "designation is required."
  },
  {
    "code": "invalid_type",
    "expected": "string",
    "received": "undefined",
    "path": [
      "body",
      "bloodGroup"
    ],
    "message": "bloodGroup is required."
  },
  {
    "code": "invalid_type",
    "expected": "string",
    "received": "undefined",
    "path": [
      "body",
      "academicDepartmentId"
    ],
    "message": "academicDepartmentId is required."
  },
  {
    "code": "invalid_type",
    "expected": "string",
    "received": "undefined",
    "path": [
      "body",
      "academicFacultyId"
    ],
    "message": "academicFacultyId is required."
  }
]
Sat Sep 16 2023 17:11:4 } [PH] error: 🐱‍🏍 globalErrorHandler ~~ [
  {
    "code": "invalid_type",
    "expected": "string",
    "received": "undefined",
    "path": [
      "body",
      "facultyId"
    ],
    "message": "facultyId is required."
  },
  {
    "code": "invalid_type",
    "expected": "string",
    "received": "undefined",
    "path": [
      "body",
      "firstName"
    ],
    "message": "firstName is required."
  },
  {
    "code": "invalid_type",
    "expected": "string",
    "received": "undefined",
    "path": [
      "body",
      "middleName"
    ],
    "message": "middleName is required."
  },
  {
    "code": "invalid_type",
    "expected": "string",
    "received": "undefined",
    "path": [
      "body",
      "lastName"
    ],
    "message": "lastName is required."
  },
  {
    "code": "invalid_type",
    "expected": "string",
    "received": "undefined",
    "path": [
      "body",
      "profileImage"
    ],
    "message": "profileImage is required."
  },
  {
    "code": "invalid_type",
    "expected": "string",
    "received": "undefined",
    "path": [
      "body",
      "email"
    ],
    "message": "email is required."
  },
  {
    "code": "invalid_type",
    "expected": "string",
    "received": "undefined",
    "path": [
      "body",
      "contactNo"
    ],
    "message": "contactNo is required."
  },
  {
    "code": "invalid_type",
    "expected": "string",
    "received": "undefined",
    "path": [
      "body",
      "gender"
    ],
    "message": "gender is required."
  },
  {
    "code": "invalid_type",
    "expected": "string",
    "received": "undefined",
    "path": [
      "body",
      "designation"
    ],
    "message": "designation is required."
  },
  {
    "code": "invalid_type",
    "expected": "string",
    "received": "undefined",
    "path": [
      "body",
      "bloodGroup"
    ],
    "message": "bloodGroup is required."
  },
  {
    "code": "invalid_type",
    "expected": "string",
    "received": "undefined",
    "path": [
      "body",
      "academicDepartmentId"
    ],
    "message": "academicDepartmentId is required."
  },
  {
    "code": "invalid_type",
    "expected": "string",
    "received": "undefined",
    "path": [
      "body",
      "academicFacultyId"
    ],
    "message": "academicFacultyId is required."
  }
]
